Added Component: Designator=C1(capacitor)
Add component. Clean all parameters for all variants
Added Component: Designator=C2(capacitor)
Add component. Clean all parameters for all variants
Added Component: Designator=C3(capacitor)
Add component. Clean all parameters for all variants
Added Component: Designator=D1(1N4148TA)
Add component. Clean all parameters for all variants
Added Component: Designator=D2(1N4148TA)
Add component. Clean all parameters for all variants
Added Component: Designator=L1(Inductor)
Add component. Clean all parameters for all variants
Added Component: Designator=Q1(IRF540)
Add component. Clean all parameters for all variants
Added Component: Designator=Q2(IRF540)
Add component. Clean all parameters for all variants
Added Component: Designator=Q3(IRF540)
Add component. Clean all parameters for all variants
Added Component: Designator=Q4(IRF540)
Add component. Clean all parameters for all variants
Added Component: Designator=R1(Resistor)
Add component. Clean all parameters for all variants
Added Component: Designator=R2(Resistor)
Add component. Clean all parameters for all variants
Added Component: Designator=R3(Resistor)
Add component. Clean all parameters for all variants
Added Component: Designator=R4(Resistor)
Add component. Clean all parameters for all variants
Added Component: Designator=R5(Resistor)
Add component. Clean all parameters for all variants
Added Component: Designator=R6(Resistor)
Add component. Clean all parameters for all variants
Added Component: Designator=R7(Resistor)
Add component. Clean all parameters for all variants
Added Component: Designator=R8(Resistor)
Add component. Clean all parameters for all variants
Added Component: Designator=R9(Resistor)
Add component. Clean all parameters for all variants
Added Component: Designator=R10(Resistor)
Add component. Clean all parameters for all variants
Added Component: Designator=R11(Resistor)
Add component. Clean all parameters for all variants
Added Component: Designator=T1(SOURCE TERMINAL)
Add component. Clean all parameters for all variants
Added Component: Designator=T2(SOURCE TERMINAL)
Add component. Clean all parameters for all variants
Added Component: Designator=T3(SOURCE TERMINAL)
Add component. Clean all parameters for all variants
Added Component: Designator=T4(ARDUINO TERMINAL)
Add component. Clean all parameters for all variants
Added Component: Designator=U1(IR2103)
Add component. Clean all parameters for all variants
Added Component: Designator=U2(IR2103)
Add component. Clean all parameters for all variants
Added Pin To Net: NetName=A0 Pin=C2-1
Added Pin To Net: NetName=A0 Pin=R6-1
Added Pin To Net: NetName=A0 Pin=T4-1
Added Net: Name=A0
Added Pin To Net: NetName=D9 Pin=R4-1
Added Pin To Net: NetName=D9 Pin=T4-3
Added Net: Name=D9
Added Pin To Net: NetName=D10 Pin=R10-1
Added Pin To Net: NetName=D10 Pin=T4-4
Added Net: Name=D10
Added Pin To Net: NetName=GND Pin=C2-2
Added Pin To Net: NetName=GND Pin=Q2-3
Added Pin To Net: NetName=GND Pin=Q4-3
Added Pin To Net: NetName=GND Pin=T2-2
Added Pin To Net: NetName=GND Pin=U1-4
Added Pin To Net: NetName=GND Pin=U2-4
Added Net: Name=GND
Added Pin To Net: NetName=NetC1_1 Pin=C1-1
Added Pin To Net: NetName=NetC1_1 Pin=D1-2
Added Pin To Net: NetName=NetC1_1 Pin=U1-8
Added Net: Name=NetC1_1
Added Pin To Net: NetName=NetC1_2 Pin=C1-2
Added Pin To Net: NetName=NetC1_2 Pin=L1-1
Added Pin To Net: NetName=NetC1_2 Pin=Q1-3
Added Pin To Net: NetName=NetC1_2 Pin=Q2-2
Added Pin To Net: NetName=NetC1_2 Pin=U1-6
Added Net: Name=NetC1_2
Added Pin To Net: NetName=NetC3_1 Pin=C3-1
Added Pin To Net: NetName=NetC3_1 Pin=D2-2
Added Pin To Net: NetName=NetC3_1 Pin=U2-8
Added Net: Name=NetC3_1
Added Pin To Net: NetName=NetC3_2 Pin=C3-2
Added Pin To Net: NetName=NetC3_2 Pin=Q3-3
Added Pin To Net: NetName=NetC3_2 Pin=Q4-2
Added Pin To Net: NetName=NetC3_2 Pin=R8-2
Added Pin To Net: NetName=NetC3_2 Pin=T3-2
Added Pin To Net: NetName=NetC3_2 Pin=U2-6
Added Net: Name=NetC3_2
Added Pin To Net: NetName=NetL1_2 Pin=L1-2
Added Pin To Net: NetName=NetL1_2 Pin=R8-1
Added Pin To Net: NetName=NetL1_2 Pin=T3-1
Added Net: Name=NetL1_2
Added Pin To Net: NetName=NetQ1_1 Pin=Q1-1
Added Pin To Net: NetName=NetQ1_1 Pin=R3-2
Added Net: Name=NetQ1_1
Added Pin To Net: NetName=NetQ2_1 Pin=Q2-1
Added Pin To Net: NetName=NetQ2_1 Pin=R7-2
Added Net: Name=NetQ2_1
Added Pin To Net: NetName=NetQ3_1 Pin=Q3-1
Added Pin To Net: NetName=NetQ3_1 Pin=R9-2
Added Net: Name=NetQ3_1
Added Pin To Net: NetName=NetQ4_1 Pin=Q4-1
Added Pin To Net: NetName=NetQ4_1 Pin=R11-2
Added Net: Name=NetQ4_1
Added Pin To Net: NetName=NetR1_1 Pin=R1-1
Added Pin To Net: NetName=NetR1_1 Pin=T1-2
Added Net: Name=NetR1_1
Added Pin To Net: NetName=NetR1_2 Pin=R1-2
Added Pin To Net: NetName=NetR1_2 Pin=R2-1
Added Pin To Net: NetName=NetR1_2 Pin=R5-2
Added Pin To Net: NetName=NetR1_2 Pin=R6-2
Added Net: Name=NetR1_2
Added Pin To Net: NetName=NetR2_2 Pin=R2-2
Added Pin To Net: NetName=NetR2_2 Pin=T1-1
Added Net: Name=NetR2_2
Added Pin To Net: NetName=NetR3_1 Pin=R3-1
Added Pin To Net: NetName=NetR3_1 Pin=U1-7
Added Net: Name=NetR3_1
Added Pin To Net: NetName=NetR4_2 Pin=R4-2
Added Pin To Net: NetName=NetR4_2 Pin=U1-2
Added Pin To Net: NetName=NetR4_2 Pin=U1-3
Added Net: Name=NetR4_2
Added Pin To Net: NetName=NetR7_1 Pin=R7-1
Added Pin To Net: NetName=NetR7_1 Pin=U1-5
Added Net: Name=NetR7_1
Added Pin To Net: NetName=NetR9_1 Pin=R9-1
Added Pin To Net: NetName=NetR9_1 Pin=U2-7
Added Net: Name=NetR9_1
Added Pin To Net: NetName=NetR10_2 Pin=R10-2
Added Pin To Net: NetName=NetR10_2 Pin=U2-2
Added Pin To Net: NetName=NetR10_2 Pin=U2-3
Added Net: Name=NetR10_2
Added Pin To Net: NetName=NetR11_1 Pin=R11-1
Added Pin To Net: NetName=NetR11_1 Pin=U2-5
Added Net: Name=NetR11_1
Added Pin To Net: NetName=P5V0 Pin=R5-1
Added Pin To Net: NetName=P5V0 Pin=T4-2
Added Net: Name=P5V0
Added Pin To Net: NetName=VCC Pin=D1-1
Added Pin To Net: NetName=VCC Pin=D2-1
Added Pin To Net: NetName=VCC Pin=Q1-2
Added Pin To Net: NetName=VCC Pin=Q3-2
Added Pin To Net: NetName=VCC Pin=T2-1
Added Pin To Net: NetName=VCC Pin=U1-1
Added Pin To Net: NetName=VCC Pin=U2-1
Added Net: Name=VCC
Added Class: Name=Sch1
Added Room: Name=Sch1
